[0m#OK:  34 ACTIONS LOADED.[0m
[0m#OK: 152 ALIASES LOADED.[0m
[0m#OK:   5 CLASSES LOADED.[0m
[0m#OK:   1 CONFIG LOADED.[0m
[0m#OK:   8 EVENTS LOADED.[0m
[0m#OK:   2 FUNCTIONS LOADED.[0m
[0m#OK:  59 HIGHLIGHTS LOADED.[0m
[0m#OK:   3 SUBSTITUTES LOADED.[0m
[0m#OK:  19 VARIABLES LOADED.[0m
LPmud version : DW OS v1.00 on port 4242.[0m
Welcome to Discworld: the stuff of which dreams are made.[0m
[0m
Silently, slowly and surely, Great A'Tuin paddles through space, its[0m
great eyes surveying the dark, empty wastes before and behind it.[0m
Standing on A'Tuin's great back are four enormous elephants, straining[0m
under the colossal weight of the Discworld itself.  It sparkles with[0m
magic, reflects the light of the stars and generally fails to be as[0m
unobtrusive as possible.[0m
[0m
A large, floppy, black hat recedes into the distance, somehow looking[0m
satisfied at what it has left behind.[0m
[0m
Q - Quit[0m
M - Print this menu again[0m
D - Delete your character[0m
R - Request a temporary password[0m
U - Short list of who is on-line[0m
L - Short list of liaisons on-line[0m
P - Uptime[0m
F - Finger someone[0m
N - New character[0m
G - Guest character[0m
[0m
Or, enter your current character's name[0m
[0m
Your choice: [0m
[38;5;213m\e[5;6~\e[5;6~Q[0m
There is no player by the name e[5;6~\e[5;6~q.[0m
[0m
Press enter to continue [0m[38;5;213m[0m
Welcome to Discworld: the stuff of which dreams are made.[0m
[0m
Silently, slowly and surely, Great A'Tuin paddles through space, its[0m
great eyes surveying the dark, empty wastes before and behind it.[0m
Standing on A'Tuin's great back are four enormous elephants, straining[0m
under the colossal weight of the Discworld itself.  It sparkles with[0m
magic, reflects the light of the stars and generally fails to be as[0m
unobtrusive as possible.[0m
[0m
A large, floppy, black hat recedes into the distance, somehow looking[0m
satisfied at what it has left behind.[0m
[0m
Q - Quit[0m
M - Print this menu again[0m
D - Delete your character[0m
R - Request a temporary password[0m
U - Short list of who is on-line[0m
L - Short list of liaisons on-line[0m
P - Uptime[0m
F - Finger someone[0m
N - New character[0m
G - Guest character[0m
[0m
Or, enter your current character's name[0m
[0m
Your choice: [0m[38;5;213mQ[0m
Come back soon![0m
[0m#SESSION 'discworld' DIED.[0m
[0m#OK:  34 ACTIONS LOADED.[0m
[0m#OK: 152 ALIASES LOADED.[0m
[0m#OK:   5 CLASSES LOADED.[0m
[0m#OK:   1 CONFIG LOADED.[0m
[0m#OK:   8 EVENTS LOADED.[0m
[0m#OK:   2 FUNCTIONS LOADED.[0m
[0m#OK:  59 HIGHLIGHTS LOADED.[0m
[0m#OK:   3 SUBSTITUTES LOADED.[0m
[0m#OK:  19 VARIABLES LOADED.[0m
LPmud version : DW OS v1.00 on port 4242.[0m
Welcome to Discworld: the stuff of which dreams are made.[0m
[0m
Silently, slowly and surely, Great A'Tuin paddles through space, its[0m
great eyes surveying the dark, empty wastes before and behind it.[0m
Standing on A'Tuin's great back are four enormous elephants, straining[0m
under the colossal weight of the Discworld itself.  It sparkles with[0m
magic, reflects the light of the stars and generally fails to be as[0m
unobtrusive as possible.[0m
[0m
A large, floppy, black hat recedes into the distance, somehow looking[0m
satisfied at what it has left behind.[0m
[0m
Q - Quit[0m
M - Print this menu again[0m
D - Delete your character[0m
R - Request a temporary password[0m
U - Short list of who is on-line[0m
L - Short list of liaisons on-line[0m
P - Uptime[0m
F - Finger someone[0m
N - New character[0m
G - Guest character[0m
[0m
Or, enter your current character's name[0m
[0m
